#
# A fatal error has been detected by the Java Runtime Environment:
#
#  EXCEPTION_ACCESS_VIOLATION (0xc0000005) at pc=0x617493cd, pid=9160, tid=0x00001700
#
# JRE version: Java(TM) SE Runtime Environment (8.0_92-b14) (build 1.8.0_92-b14)
# Java VM: Java HotSpot(TM) Client VM (25.92-b14 mixed mode windows-x86 )
# Problematic frame:
# C  [listSerialsj.dll+0x93cd]
#
# Failed to write core dump. Minidumps are not enabled by default on client versions of Windows
#
# If you would like to submit a bug report, please visit:
#   http://bugreport.java.com/bugreport/crash.jsp
# The crash happened outside the Java Virtual Machine in native code.
# See problematic frame for where to report the bug.
#

---------------  T H R E A D  ---------------

Current thread (0x272a4c00):  JavaThread "cc.arduino.packages.discoverers.serial.SerialBoardsLister" [_thread_in_native, id=5888, stack(0x26460000,0x264b0000)]

siginfo: ExceptionCode=0xc0000005, writing address 0x00000000

Registers:
EAX=0x00000000, EBX=0x00000d24, ECX=0x00000000, EDX=0x00000001
ESP=0x264af200, EBP=0x264af658, ESI=0x00000001, EDI=0x01116110
EIP=0x617493cd, EFLAGS=0x00010246

Top of Stack: (sp=0x264af200)
0x264af200:   291586e0 0000002e 00000002 00000000
0x264af210:   00000003 00000000 00000000 00000000
0x264af220:   0100cce0 257f3520 0000006c 7567a540
0x264af230:   29154110 003daf15 01115d70 00000088
0x264af240:   00000007 272a4c00 0000005c 00000002
0x264af250:   00000001 0000006c 00000075 0000008c
0x264af260:   008c0000 00000000 314d4f43 003e0032
0x264af270:   00425355 25fe7d60 0100c590 25fe7e54 

Instructions: (pc=0x617493cd)
0x617493ad:   8b 45 08 8b 90 94 00 00 00 85 d2 74 16 8b 40 2c
0x617493bd:   c7 44 24 04 2e 00 00 00 89 04 24 e8 73 14 00 00
0x617493cd:   c6 00 00 8d 85 04 fc ff ff 89 44 24 18 8d 85 0a
0x617493dd:   fc ff ff 89 44 24 10 a1 e4 01 75 61 c7 85 04 fc 


Register to memory mapping:

EAX=0x00000000 is an unknown value
EBX=0x00000d24 is an unknown value
ECX=0x00000000 is an unknown value
EDX=0x00000001 is an unknown value
ESP=0x264af200 is pointing into the stack for thread: 0x272a4c00
EBP=0x264af658 is pointing into the stack for thread: 0x272a4c00
ESI=0x00000001 is an unknown value
EDI=0x01116110 is an unknown value


Stack: [0x26460000,0x264b0000],  sp=0x264af200,  free space=316k
Native frames: (J=compiled Java code, j=interpreted, Vv=VM code, C=native code)
C  [listSerialsj.dll+0x93cd]
C  [listSerialsj.dll+0x2211]

Java frames: (J=compiled Java code, j=interpreted, Vv=VM code)
j  processing.app.Platform.listSerialsNative()[Ljava/lang/String;+0
j  processing.app.Platform.listSerials()Ljava/util/List;+5
j  cc.arduino.packages.discoverers.serial.SerialBoardsLister.retriggerDiscovery(Z)V+22
j  cc.arduino.packages.discoverers.serial.SerialBoardsLister.run()V+9
J 4885% C1 java.util.TimerThread.mainLoop()V (232 bytes) @ 0x033cc394 [0x033cbf60+0x434]
j  java.util.TimerThread.run()V+1
v  ~StubRoutines::call_stub

---------------  P R O C E S S  ---------------

Java Threads: ( => current thread )
  0x277b2000 JavaThread "JmDNS(DESKTOP-9M2KH3H.local.).Timer" daemon [_thread_blocked, id=2692, stack(0x26850000,0x268a0000)]
  0x277b1c00 JavaThread "JmDNS(DESKTOP-9M2KH3H.local.).State.Timer" [_thread_blocked, id=7532, stack(0x267c0000,0x26810000)]
  0x277b3000 JavaThread "JmDNS(DESKTOP-9M2KH3H.local.).Timer" daemon [_thread_blocked, id=9008, stack(0x26730000,0x26780000)]
  0x277b6800 JavaThread "SocketListener(DESKTOP-9M2KH3H.local.)" daemon [_thread_in_native, id=9032, stack(0x266a0000,0x266f0000)]
  0x277b3c00 JavaThread "JmDNS(DESKTOP-9M2KH3H.local.).Timer" daemon [_thread_blocked, id=10100, stack(0x26610000,0x26660000)]
  0x277b1400 JavaThread "JmDNS(DESKTOP-9M2KH3H.local.).State.Timer" [_thread_blocked, id=8976, stack(0x02ac0000,0x02b10000)]
  0x277b5400 JavaThread "JmDNS(DESKTOP-9M2KH3H.local.).Timer" daemon [_thread_blocked, id=8624, stack(0x00f70000,0x00fc0000)]
  0x277b1000 JavaThread "SocketListener(DESKTOP-9M2KH3H.local.)" daemon [_thread_in_native, id=10056, stack(0x00ee0000,0x00f30000)]
  0x277b4000 JavaThread "DestroyJavaVM" [_thread_blocked, id=7148, stack(0x01210000,0x01260000)]
  0x277b3400 JavaThread "Timer-0" [_thread_in_native, id=9780, stack(0x02d70000,0x02dc0000)]
  0x2737b400 JavaThread "TimerQueue" daemon [_thread_blocked, id=5260, stack(0x29700000,0x29750000)]
  0x2737dc00 JavaThread "AWT-EventQueue-0" [_thread_blocked, id=9228, stack(0x29050000,0x290a0000)]
  0x2737b000 JavaThread "AWT-Shutdown" [_thread_blocked, id=4716, stack(0x28fc0000,0x29010000)]
  0x2737d400 JavaThread "Batik CleanerThread" daemon [_thread_blocked, id=5108, stack(0x28a90000,0x28ae0000)]
  0x272a5c00 JavaThread "cc.arduino.packages.discoverers.network.BoardReachabilityFilter" [_thread_blocked, id=9192, stack(0x27c60000,0x27cb0000)]
  0x272a5400 JavaThread "cc.arduino.packages.discoverers.network.NetworkChecker" [_thread_in_native, id=8264, stack(0x26e10000,0x26e60000)]
=>0x272a4c00 JavaThread "cc.arduino.packages.discoverers.serial.SerialBoardsLister" [_thread_in_native, id=5888, stack(0x26460000,0x264b0000)]
  0x25fe8000 JavaThread "AWT-Windows" daemon [_thread_in_native, id=7656, stack(0x264f0000,0x26540000)]
  0x25fe6000 JavaThread "Java2D Disposer" daemon [_thread_blocked, id=9108, stack(0x263d0000,0x26420000)]
  0x257f2800 JavaThread "Service Thread" daemon [_thread_blocked, id=8732, stack(0x25dc0000,0x25e10000)]
  0x257fd400 JavaThread "C1 CompilerThread0" daemon [_thread_blocked, id=8728, stack(0x25d30000,0x25d80000)]
  0x257fc800 JavaThread "Attach Listener" daemon [_thread_blocked, id=8764, stack(0x25ca0000,0x25cf0000)]
  0x257f8800 JavaThread "Signal Dispatcher" daemon [_thread_blocked, id=8724, stack(0x25c10000,0x25c60000)]
  0x257da400 JavaThread "Finalizer" daemon [_thread_blocked, id=8752, stack(0x25a90000,0x25ae0000)]
  0x257c4800 JavaThread "Reference Handler" daemon [_thread_blocked, id=8884, stack(0x25a00000,0x25a50000)]

Other Threads:
  0x02abd800 VMThread [stack: 0x25770000,0x257c0000] [id=2604]
  0x257f6400 WatcherThread [stack: 0x25e50000,0x25ea0000] [id=9224]

VM state:not at safepoint (normal execution)

VM Mutex/Monitor currently owned by a thread: None

Heap:
 def new generation   total 39424K, used 1185K [0x05200000, 0x07cc0000, 0x0fca0000)
  eden space 35072K,   1% used [0x05200000, 0x052a7c78, 0x07440000)
  from space 4352K,  11% used [0x07440000, 0x074c09d8, 0x07880000)
  to   space 4352K,   0% used [0x07880000, 0x07880000, 0x07cc0000)
 tenured generation   total 87424K, used 54687K [0x0fca0000, 0x15200000, 0x25200000)
   the space 87424K,  62% used [0x0fca0000, 0x13207f50, 0x13208000, 0x15200000)
 Metaspace       used 18742K, capacity 19215K, committed 19328K, reserved 19840K

Card table byte_map: [0x25200000,0x25310000] byte_map_base: 0x251d7000

Polling page: 0x01050000

CodeCache: size=32768Kb used=2466Kb max_used=3953Kb free=30301Kb
 bounds [0x03110000, 0x034f0000, 0x05110000]
 total_blobs=1480 nmethods=1202 adapters=206
 compilation: enabled

Compilation events (10 events):
Event: 7260.477 Thread 0x257fd400 13389             java.util.AbstractMap::values (25 bytes)
Event: 7260.478 Thread 0x257fd400 nmethod 13389 0x032001c8 code [0x032002c0, 0x032003a0]
Event: 7264.443 Thread 0x257fd400 13390             java.util.ArrayList::toArray (12 bytes)
Event: 7264.444 Thread 0x257fd400 nmethod 13390 0x031fd048 code [0x031fd150, 0x031fd1fc]
Event: 7344.629 Thread 0x257fd400 13391             java.net.Inet6Address$Inet6AddressHolder::hashCode (68 bytes)
Event: 7344.630 Thread 0x257fd400 nmethod 13391 0x031e2908 code [0x031e2a10, 0x031e2b20]
Event: 7428.129 Thread 0x257fd400 13392             java.util.HashMap::keySet (25 bytes)
Event: 7428.129 Thread 0x257fd400 nmethod 13392 0x0347d948 code [0x0347da40, 0x0347db20]
Event: 7616.620 Thread 0x257fd400 13393             java.util.concurrent.locks.AbstractQueuedSynchronizer::shouldParkAfterFailedAcquire (50 bytes)
Event: 7616.621 Thread 0x257fd400 nmethod 13393 0x032a1e08 code [0x032a1f00, 0x032a2010]

GC Heap History (10 events):
Event: 6608.942 GC heap before
{Heap before GC invocations=43 (full 1):
 def new generation   total 39424K, used 35515K [0x05200000, 0x07cc0000, 0x0fca0000)
  eden space 35072K, 100% used [0x05200000, 0x07440000, 0x07440000)
  from space 4352K,  10% used [0x07880000, 0x078eeeb0, 0x07cc0000)
  to   space 4352K,   0% used [0x07440000, 0x07440000, 0x07880000)
 tenured generation   total 87424K, used 54323K [0x0fca0000, 0x15200000, 0x25200000)
   the space 87424K,  62% used [0x0fca0000, 0x131accd0, 0x131ace00, 0x15200000)
 Metaspace       used 18725K, capacity 19215K, committed 19328K, reserved 19840K
Event: 6608.944 GC heap after
Heap after GC invocations=44 (full 1):
 def new generation   total 39424K, used 542K [0x05200000, 0x07cc0000, 0x0fca0000)
  eden space 35072K,   0% used [0x05200000, 0x05200000, 0x07440000)
  from space 4352K,  12% used [0x07440000, 0x074c7808, 0x07880000)
  to   space 4352K,   0% used [0x07880000, 0x07880000, 0x07cc0000)
 tenured generation   total 87424K, used 54323K [0x0fca0000, 0x15200000, 0x25200000)
   the space 87424K,  62% used [0x0fca0000, 0x131accd0, 0x131ace00, 0x15200000)
 Metaspace       used 18725K, capacity 19215K, committed 19328K, reserved 19840K
}
Event: 6803.343 GC heap before
{Heap before GC invocations=44 (full 1):
 def new generation   total 39424K, used 35614K [0x05200000, 0x07cc0000, 0x0fca0000)
  eden space 35072K, 100% used [0x05200000, 0x07440000, 0x07440000)
  from space 4352K,  12% used [0x07440000, 0x074c7808, 0x07880000)
  to   space 4352K,   0% used [0x07880000, 0x07880000, 0x07cc0000)
 tenured generation   total 87424K, used 54323K [0x0fca0000, 0x15200000, 0x25200000)
   the space 87424K,  62% used [0x0fca0000, 0x131accd0, 0x131ace00, 0x15200000)
 Metaspace       used 18725K, capacity 19215K, committed 19328K, reserved 19840K
Event: 6803.346 GC heap after
Heap after GC invocations=45 (full 1):
 def new generation   total 39424K, used 816K [0x05200000, 0x07cc0000, 0x0fca0000)
  eden space 35072K,   0% used [0x05200000, 0x05200000, 0x07440000)
  from space 4352K,  18% used [0x07880000, 0x0794c1d8, 0x07cc0000)
  to   space 4352K,   0% used [0x07440000, 0x07440000, 0x07880000)
 tenured generation   total 87424K, used 54323K [0x0fca0000, 0x15200000, 0x25200000)
   the space 87424K,  62% used [0x0fca0000, 0x131accd0, 0x131ace00, 0x15200000)
 Metaspace       used 18725K, capacity 19215K, committed 19328K, reserved 19840K
}
Event: 7029.655 GC heap before
{Heap before GC invocations=45 (full 1):
 def new generation   total 39424K, used 35888K [0x05200000, 0x07cc0000, 0x0fca0000)
  eden space 35072K, 100% used [0x05200000, 0x07440000, 0x07440000)
  from space 4352K,  18% used [0x07880000, 0x0794c1d8, 0x07cc0000)
  to   space 4352K,   0% used [0x07440000, 0x07440000, 0x07880000)
 tenured generation   total 87424K, used 54323K [0x0fca0000, 0x15200000, 0x25200000)
   the space 87424K,  62% used [0x0fca0000, 0x131accd0, 0x131ace00, 0x15200000)
 Metaspace       used 18742K, capacity 19215K, committed 19328K, reserved 19840K
Event: 7029.662 GC heap after
Heap after GC invocations=46 (full 1):
 def new generation   total 39424K, used 2505K [0x05200000, 0x07cc0000, 0x0fca0000)
  eden space 35072K,   0% used [0x05200000, 0x05200000, 0x07440000)
  from space 4352K,  57% used [0x07440000, 0x076b2750, 0x07880000)
  to   space 4352K,   0% used [0x07880000, 0x07880000, 0x07cc0000)
 tenured generation   total 87424K, used 54323K [0x0fca0000, 0x15200000, 0x25200000)
   the space 87424K,  62% used [0x0fca0000, 0x131accd0, 0x131ace00, 0x15200000)
 Metaspace       used 18742K, capacity 19215K, committed 19328K, reserved 19840K
}
Event: 7354.245 GC heap before
{Heap before GC invocations=46 (full 1):
 def new generation   total 39424K, used 37577K [0x05200000, 0x07cc0000, 0x0fca0000)
  eden space 35072K, 100% used [0x05200000, 0x07440000, 0x07440000)
  from space 4352K,  57% used [0x07440000, 0x076b2750, 0x07880000)
  to   space 4352K,   0% used [0x07880000, 0x07880000, 0x07cc0000)
 tenured generation   total 87424K, used 54323K [0x0fca0000, 0x15200000, 0x25200000)
   the space 87424K,  62% used [0x0fca0000, 0x131accd0, 0x131ace00, 0x15200000)
 Metaspace       used 18742K, capacity 19215K, committed 19328K, reserved 19840K
Event: 7354.249 GC heap after
Heap after GC invocations=47 (full 1):
 def new generation   total 39424K, used 673K [0x05200000, 0x07cc0000, 0x0fca0000)
  eden space 35072K,   0% used [0x05200000, 0x05200000, 0x07440000)
  from space 4352K,  15% used [0x07880000, 0x07928780, 0x07cc0000)
  to   space 4352K,   0% used [0x07440000, 0x07440000, 0x07880000)
 tenured generation   total 87424K, used 54687K [0x0fca0000, 0x15200000, 0x25200000)
   the space 87424K,  62% used [0x0fca0000, 0x13207f50, 0x13208000, 0x15200000)
 Metaspace       used 18742K, capacity 19215K, committed 19328K, reserved 19840K
}
Event: 7691.264 GC heap before
{Heap before GC invocations=47 (full 1):
 def new generation   total 39424K, used 35745K [0x05200000, 0x07cc0000, 0x0fca0000)
  eden space 35072K, 100% used [0x05200000, 0x07440000, 0x07440000)
  from space 4352K,  15% used [0x07880000, 0x07928780, 0x07cc0000)
  to   space 4352K,   0% used [0x07440000, 0x07440000, 0x07880000)
 tenured generation   total 87424K, used 54687K [0x0fca0000, 0x15200000, 0x25200000)
   the space 87424K,  62% used [0x0fca0000, 0x13207f50, 0x13208000, 0x15200000)
 Metaspace       used 18742K, capacity 19215K, committed 19328K, reserved 19840K
Event: 7691.268 GC heap after
Heap after GC invocations=48 (full 1):
 def new generation   total 39424K, used 514K [0x05200000, 0x07cc0000, 0x0fca0000)
  eden space 35072K,   0% used [0x05200000, 0x05200000, 0x07440000)
  from space 4352K,  11% used [0x07440000, 0x074c09d8, 0x07880000)
  to   space 4352K,   0% used [0x07880000, 0x07880000, 0x07cc0000)
 tenured generation   total 87424K, used 54687K [0x0fca0000, 0x15200000, 0x25200000)
   the space 87424K,  62% used [0x0fca0000, 0x13207f50, 0x13208000, 0x15200000)
 Metaspace       used 18742K, capacity 19215K, committed 19328K, reserved 19840K
}

Deoptimization events (0 events):
No events

Internal exceptions (10 events):
Event: 6663.617 Thread 0x2737c800 Exception <a 'sun/nio/fs/WindowsException'> (0x06442ed8) thrown at [C:\workspace\8-2-build-windows-i586-cygwin\jdk8u92\6642\hotspot\src\share\vm\prims\jni.cpp, line 709]
Event: 6663.617 Thread 0x2737c800 Exception <a 'sun/nio/fs/WindowsException'> (0x064434b8) thrown at [C:\workspace\8-2-build-windows-i586-cygwin\jdk8u92\6642\hotspot\src\share\vm\prims\jni.cpp, line 709]
Event: 6663.619 Thread 0x2737c800 Exception <a 'sun/nio/fs/WindowsException'> (0x06450570) thrown at [C:\workspace\8-2-build-windows-i586-cygwin\jdk8u92\6642\hotspot\src\share\vm\prims\jni.cpp, line 709]
Event: 6663.619 Thread 0x2737c800 Exception <a 'sun/nio/fs/WindowsException'> (0x06450b90) thrown at [C:\workspace\8-2-build-windows-i586-cygwin\jdk8u92\6642\hotspot\src\share\vm\prims\jni.cpp, line 709]
Event: 6663.621 Thread 0x2737c800 Exception <a 'sun/nio/fs/WindowsException'> (0x0645e470) thrown at [C:\workspace\8-2-build-windows-i586-cygwin\jdk8u92\6642\hotspot\src\share\vm\prims\jni.cpp, line 709]
Event: 6663.621 Thread 0x2737c800 Exception <a 'sun/nio/fs/WindowsException'> (0x0645ea50) thrown at [C:\workspace\8-2-build-windows-i586-cygwin\jdk8u92\6642\hotspot\src\share\vm\prims\jni.cpp, line 709]
Event: 6663.624 Thread 0x2737c800 Exception <a 'sun/nio/fs/WindowsException'> (0x06477f40) thrown at [C:\workspace\8-2-build-windows-i586-cygwin\jdk8u92\6642\hotspot\src\share\vm\prims\jni.cpp, line 709]
Event: 6663.624 Thread 0x2737c800 Exception <a 'sun/nio/fs/WindowsException'> (0x06478538) thrown at [C:\workspace\8-2-build-windows-i586-cygwin\jdk8u92\6642\hotspot\src\share\vm\prims\jni.cpp, line 709]
Event: 6663.626 Thread 0x2737c800 Exception <a 'sun/nio/fs/WindowsException'> (0x06486468) thrown at [C:\workspace\8-2-build-windows-i586-cygwin\jdk8u92\6642\hotspot\src\share\vm\prims\jni.cpp, line 709]
Event: 6663.626 Thread 0x2737c800 Exception <a 'sun/nio/fs/WindowsException'> (0x06486a20) thrown at [C:\workspace\8-2-build-windows-i586-cygwin\jdk8u92\6642\hotspot\src\share\vm\prims\jni.cpp, line 709]

Events (10 events):
Event: 7264.444 Thread 0x257fd400 flushing nmethod 0x034ad048
Event: 7344.630 Thread 0x257fd400 flushing nmethod 0x03247d48
Event: 7354.244 Executing VM operation: GenCollectForAllocation
Event: 7354.249 Executing VM operation: GenCollectForAllocation done
Event: 7428.129 Thread 0x257fd400 flushing nmethod 0x03328448
Event: 7428.129 Thread 0x257fd400 flushing nmethod 0x03349e08
Event: 7616.621 Thread 0x257fd400 flushing nmethod 0x0340a788
Event: 7616.621 Thread 0x257fd400 flushing nmethod 0x034dda08
Event: 7691.264 Executing VM operation: GenCollectForAllocation
Event: 7691.268 Executing VM operation: GenCollectForAllocation done


Dynamic libraries:
0x003d0000 - 0x00403000 	C:\Program Files (x86)\Arduino\java\bin\javaw.exe
0x77d20000 - 0x77ea3000 	C:\Windows\SYSTEM32\ntdll.dll
0x75100000 - 0x751e0000 	C:\Windows\System32\KERNEL32.DLL
0x74e60000 - 0x75001000 	C:\Windows\System32\KERNELBASE.dll
0x77550000 - 0x775c7000 	C:\Windows\System32\ADVAPI32.dll
0x75590000 - 0x7564e000 	C:\Windows\System32\msvcrt.dll
0x75300000 - 0x75341000 	C:\Windows\System32\sechost.dll
0x754c0000 - 0x75581000 	C:\Windows\System32\RPCRT4.dll
0x747e0000 - 0x747ff000 	C:\Windows\System32\SspiCli.dll
0x747d0000 - 0x747da000 	C:\Windows\System32\CRYPTBASE.dll
0x75de0000 - 0x75e3a000 	C:\Windows\System32\bcryptPrimitives.dll
0x773f0000 - 0x7754f000 	C:\Windows\System32\USER32.dll
0x751f0000 - 0x75205000 	C:\Windows\System32\win32u.dll
0x773c0000 - 0x773eb000 	C:\Windows\System32\GDI32.dll
0x75ba0000 - 0x75cfa000 	C:\Windows\System32\gdi32full.dll
0x743b0000 - 0x745ba000 	C:\Windows\WinSxS\x86_microsoft.windows.common-controls_6595b64144ccf1df_6.0.14393.953_none_89c2555adb023171\COMCTL32.dll
0x74a70000 - 0x74c81000 	C:\Windows\System32\combase.dll
0x75ac0000 - 0x75ba0000 	C:\Windows\System32\ucrtbase.dll
0x74d70000 - 0x74d95000 	C:\Windows\System32\IMM32.DLL
0x64650000 - 0x6470f000 	C:\Program Files (x86)\Arduino\java\bin\msvcr100.dll
0x64280000 - 0x6464b000 	C:\Program Files (x86)\Arduino\java\bin\client\jvm.dll
0x75fd0000 - 0x75fd6000 	C:\Windows\System32\PSAPI.DLL
0x72d00000 - 0x72d24000 	C:\Windows\SYSTEM32\WINMM.dll
0x745e0000 - 0x745e8000 	C:\Windows\SYSTEM32\VERSION.dll
0x6f610000 - 0x6f618000 	C:\Windows\SYSTEM32\WSOCK32.dll
0x74ca0000 - 0x74d03000 	C:\Windows\System32\WS2_32.dll
0x71b30000 - 0x71b53000 	C:\Windows\SYSTEM32\WINMMBASE.dll
0x75210000 - 0x75246000 	C:\Windows\System32\cfgmgr32.dll
0x64240000 - 0x64271000 	C:\Program Files (x86)\Arduino\java\bin\splashscreen.dll
0x74310000 - 0x74385000 	C:\Windows\system32\uxtheme.dll
0x70240000 - 0x7024c000 	C:\Program Files (x86)\Arduino\java\bin\verify.dll
0x64210000 - 0x64231000 	C:\Program Files (x86)\Arduino\java\bin\java.dll
0x77be0000 - 0x77d15000 	C:\Windows\System32\MSCTF.dll
0x775d0000 - 0x77664000 	C:\Windows\System32\OLEAUT32.dll
0x75d60000 - 0x75ddb000 	C:\Windows\System32\msvcp_win.dll
0x752f0000 - 0x752fd000 	C:\Windows\System32\kernel.appcore.dll
0x6ae70000 - 0x6ae83000 	C:\Program Files (x86)\Arduino\java\bin\zip.dll
0x75fe0000 - 0x773b8000 	C:\Windows\System32\SHELL32.dll
0x77670000 - 0x77bde000 	C:\Windows\System32\windows.storage.dll
0x74980000 - 0x749c5000 	C:\Windows\System32\powrprof.dll
0x75e40000 - 0x75e86000 	C:\Windows\System32\shlwapi.dll
0x749e0000 - 0x74a68000 	C:\Windows\System32\shcore.dll
0x74da0000 - 0x74daf000 	C:\Windows\System32\profapi.dll
0x640c0000 - 0x64205000 	C:\Program Files (x86)\Arduino\java\bin\awt.dll
0x6f230000 - 0x6f2c2000 	C:\Windows\SYSTEM32\apphelp.dll
0x6e6f0000 - 0x6e70f000 	C:\Windows\system32\dwmapi.dll
0x75010000 - 0x750fc000 	C:\Windows\System32\ole32.dll
0x61740000 - 0x6176c000 	C:\Program Files (x86)\Arduino\lib\listSerialsj.dll
0x75650000 - 0x75a5b000 	C:\Windows\System32\SETUPAPI.dll
0x70220000 - 0x70233000 	C:\Windows\SYSTEM32\CRYPTSP.dll
0x701f0000 - 0x7021f000 	C:\Windows\system32\rsaenh.dll
0x73cc0000 - 0x73cdb000 	C:\Windows\SYSTEM32\bcrypt.dll
0x745c0000 - 0x745da000 	C:\Windows\SYSTEM32\USERENV.dll
0x640a0000 - 0x640b6000 	C:\Program Files (x86)\Arduino\java\bin\net.dll
0x6f480000 - 0x6f4ce000 	C:\Windows\system32\mswsock.dll
0x745f0000 - 0x7461f000 	C:\Windows\SYSTEM32\IPHLPAPI.DLL
0x749d0000 - 0x749d7000 	C:\Windows\System32\NSI.dll
0x6f420000 - 0x6f433000 	C:\Windows\SYSTEM32\dhcpcsvc6.DLL
0x6f400000 - 0x6f414000 	C:\Windows\SYSTEM32\dhcpcsvc.DLL
0x6ef30000 - 0x6ef3f000 	C:\Program Files (x86)\Arduino\java\bin\nio.dll
0x26c90000 - 0x26ccd000 	C:\Users\Nayana Madhuwanha\AppData\Local\Temp\jna--1529053422\jna6217546035131558309.dll
0x64060000 - 0x64099000 	C:\Program Files (x86)\Arduino\java\bin\fontmanager.dll
0x64020000 - 0x64052000 	C:\Program Files (x86)\Arduino\java\bin\t2k.dll
0x6f1b0000 - 0x6f1d2000 	C:\Windows\SYSTEM32\DEVOBJ.dll
0x75e90000 - 0x75ed4000 	C:\Windows\System32\WINTRUST.dll
0x74c90000 - 0x74c9e000 	C:\Windows\System32\MSASN1.dll
0x74800000 - 0x7497d000 	C:\Windows\System32\CRYPT32.dll
0x6f350000 - 0x6f3cd000 	C:\Windows\SYSTEM32\DNSAPI.dll
0x6f1e0000 - 0x6f1e8000 	C:\Windows\System32\rasadhlp.dll
0x70370000 - 0x703b9000 	C:\Windows\System32\fwpuclnt.dll
0x63fb0000 - 0x64019000 	C:\Program Files (x86)\Arduino\msvcp100.dll
0x63ef0000 - 0x63fae000 	C:\Program Files (x86)\Arduino\msvcr100.dll
0x28a10000 - 0x28a42000 	C:\Program Files (x86)\Arduino\lib\AStylej.dll
0x63ec0000 - 0x63ee4000 	C:\Program Files (x86)\Arduino\java\bin\dcpr.dll
0x74db0000 - 0x74e34000 	C:\Windows\System32\clbcatq.dll
0x63d50000 - 0x63ebe000 	C:\Windows\SYSTEM32\WindowsCodecs.dll
0x63d00000 - 0x63d44000 	C:\Windows\system32\dataexchange.dll
0x6b940000 - 0x6bb70000 	C:\Windows\system32\d3d11.dll
0x63be0000 - 0x63cf3000 	C:\Windows\system32\dcomp.dll
0x6c070000 - 0x6c0f3000 	C:\Windows\system32\dxgi.dll
0x64af0000 - 0x64be1000 	C:\Windows\system32\twinapi.appcore.dll
0x01010000 - 0x0102b000 	C:\Users\Nayana Madhuwanha\.jssc\windows\jSSC-2.8_x86.dll
0x71990000 - 0x71a24000 	C:\Windows\WinSxS\x86_microsoft.windows.common-controls_6595b64144ccf1df_5.82.14393.447_none_5507ded2cb4f7f4c\comctl32.dll
0x75ee0000 - 0x75fc5000 	C:\Windows\System32\COMDLG32.dll
0x6ebb0000 - 0x6ecff000 	C:\Windows\system32\propsys.dll
0x629a0000 - 0x62a1b000 	C:\Program Files (x86)\Common Files\microsoft shared\ink\tiptsf.dll
0x6f1f0000 - 0x6f22d000 	C:\Windows\SYSTEM32\edputil.dll
0x62bb0000 - 0x62cd4000 	C:\Windows\system32\NetworkExplorer.dll
0x62950000 - 0x62993000 	C:\Windows\System32\thumbcache.dll
0x62ed0000 - 0x62f91000 	C:\Windows\SYSTEM32\ntshrui.dll
0x71900000 - 0x7191c000 	C:\Windows\SYSTEM32\srvcli.dll
0x62ec0000 - 0x62ecf000 	C:\Windows\SYSTEM32\cscapi.dll
0x628c0000 - 0x62945000 	C:\Windows\System32\StructuredQuery.dll
0x62880000 - 0x628bf000 	C:\Windows\SYSTEM32\policymanager.dll
0x62810000 - 0x62877000 	C:\Windows\SYSTEM32\msvcp110_win.dll
0x62760000 - 0x6280f000 	C:\Windows\system32\Windows.Storage.Search.dll
0x62d40000 - 0x62d4d000 	C:\Windows\SYSTEM32\LINKINFO.dll
0x63a10000 - 0x63b96000 	C:\Windows\System32\ActXPrxy.dll
0x624d0000 - 0x6275b000 	C:\Users\Nayana Madhuwanha\AppData\Local\Microsoft\OneDrive\17.3.7294.0108\FileSyncShell.dll
0x73cf0000 - 0x73f56000 	C:\Windows\SYSTEM32\WININET.dll
0x62320000 - 0x624c7000 	C:\PROGRA~2\MICROS~1\Office15\GROOVEEX.DLL
0x622f0000 - 0x62316000 	C:\Windows\SYSTEM32\ATL100.DLL
0x73f60000 - 0x742eb000 	C:\Windows\SYSTEM32\msi.dll
0x2cb10000 - 0x2d385000 	C:\PROGRA~2\MICROS~1\Office15\1033\GrooveIntlResource.dll
0x62ea0000 - 0x62eb2000 	C:\Windows\system32\mssprxy.dll
0x72d80000 - 0x72d8a000 	C:\Windows\SYSTEM32\Secur32.dll
0x6ed90000 - 0x6ef25000 	C:\Windows\SYSTEM32\urlmon.dll
0x6e980000 - 0x6ebaa000 	C:\Windows\SYSTEM32\iertutil.dll
0x6e380000 - 0x6e4c5000 	C:\Windows\SYSTEM32\dbghelp.dll

VM Arguments:
jvm_args: -Dsun.java2d.d3d=false -Djna.nosys=true -DAPP_DIR=C:\Program Files (x86)\Arduino -Xms128M -Xmx512M 
java_command: processing.app.Base C:\Users\Nayana Madhuwanha\Desktop\FMB\FMB.ino
java_class_path (initial): C:\Program Files (x86)\Arduino\lib\apple.jar;C:\Program Files (x86)\Arduino\lib\arduino-core.jar;C:\Program Files (x86)\Arduino\lib\batik-1.8.jar;C:\Program Files (x86)\Arduino\lib\batik-anim-1.8.jar;C:\Program Files (x86)\Arduino\lib\batik-awt-util-1.8.jar;C:\Program Files (x86)\Arduino\lib\batik-bridge-1.8.jar;C:\Program Files (x86)\Arduino\lib\batik-codec-1.8.jar;C:\Program Files (x86)\Arduino\lib\batik-css-1.8.jar;C:\Program Files (x86)\Arduino\lib\batik-dom-1.8.jar;C:\Program Files (x86)\Arduino\lib\batik-ext-1.8.jar;C:\Program Files (x86)\Arduino\lib\batik-gvt-1.8.jar;C:\Program Files (x86)\Arduino\lib\batik-parser-1.8.jar;C:\Program Files (x86)\Arduino\lib\batik-rasterizer-1.8.jar;C:\Program Files (x86)\Arduino\lib\batik-script-1.8.jar;C:\Program Files (x86)\Arduino\lib\batik-squiggle-1.8.jar;C:\Program Files (x86)\Arduino\lib\batik-svg-dom-1.8.jar;C:\Program Files (x86)\Arduino\lib\batik-svgpp-1.8.jar;C:\Program Files (x86)\Arduino\lib\batik-transcoder-1.8.jar;C:\Program Files (x86)\Arduino\lib\batik-util-1.8.jar;C:\Program Files (x86)\Arduino\lib\batik-xml-1.8.jar;C:\Program Files (x86)\Arduino\lib\bcpg-jdk15on-152.jar;C:\Program Files (x86)\Arduino\lib\bcprov-jdk15on-152.jar;C:\Program Files (x86)\Arduino\lib\commons-codec-1.7.jar;C:\Program Files (x86)\Arduino\lib\commons-compress-1.8.jar;C:\Program Files (x86)\Arduino\lib\commons-exec-1.1.jar;C:\Program Files (x86)\Arduino\lib\commons-httpclient-3.1.jar;C:\Program Files (x86)\Arduino\lib\commons-lang3-3.3.2.jar;C:\Program Files (x86)\Arduino\lib\commons-logging-1.0.4.jar;C:\Program Files (x86)\Arduino\lib\commons-net-3.3.jar;C:\Program Files (x86)\Arduino\lib\jackson-annotations-2.6.3.jar;C:\Program Files (x86)\Arduino\lib\jackson-core-2.6.3.jar;C:\Program Files (x86)\Arduino\lib\jackson-databind-2.6.3.jar;C:\Program Files (x86)\Arduino\lib\jackson-module-mrbean-2.6.3.jar;C:\Program Files (x86)\Arduino\lib\java-semver-0.8.0.jar;C:\Program Files (x86)\Arduino\lib\jmdns-3.4.1.j
Launcher Type: SUN_STANDARD

Environment Variables:
PATH=C:\ProgramData\Oracle\Java\javapath;C:\Windows\system32;C:\Windows;C:\Windows\System32\Wbem;C:\Windows\System32\WindowsPowerShell\v1.0\;C:\Program Files (x86)\NVIDIA Corporation\PhysX\Common;C:\Users\Nayana Madhuwanha\AppData\Local\Programs\Python\Python36-32;C:\Program Files (x86)\Java\jdk1.8.0_144\bin;C:\php;C:\Program Files\Git\cmd;C:\Program Files (x86)\Windows Kits\8.1\Windows Performance Toolkit\;C:\Program Files (x86)\Microsoft SDKs\TypeScript\1.0\;C:\Program Files\Microsoft SQL Server\120\Tools\Binn\;C:\Program Files\Microsoft SQL Server\Client SDK\ODBC\110\Tools\Binn\;C:\Program Files (x86)\Microsoft SQL Server\120\Tools\Binn\;C:\Program Files\Microsoft SQL Server\120\DTS\Binn\;C:\Program Files (x86)\Microsoft SQL Server\120\Tools\Binn\ManagementStudio\;C:\Program Files (x86)\Microsoft SQL Server\120\DTS\Binn\;C:\Users\Nayana Madhuwanha\AppData\Local\Programs\Python\Python36\Scripts\;C:\Users\Nayana Madhuwanha\AppData\Local\Programs\Python\Python36\;C:\Users\Nayana Madhuwanha\AppData\Local\Microsoft\WindowsApps;C:\Users\Nayana Madhuwanha\AppData\Local\atom\bin;C:\Program Files (x86)\Arduino\java\bin
USERNAME=Nayana Madhuwanha
OS=Windows_NT
PROCESSOR_IDENTIFIER=Intel64 Family 6 Model 69 Stepping 1, GenuineIntel



---------------  S Y S T E M  ---------------

OS: Windows 10.0 , 64 bit Build 14393 (10.0.14393.1198)

CPU:total 4 (2 cores per cpu, 2 threads per core) family 6 model 69 stepping 1, cmov, cx8, fxsr, mmx, sse, sse2, sse3, ssse3, sse4.1, sse4.2, popcnt, avx, avx2, aes, clmul, erms, lzcnt, ht, tsc, tscinvbit, bmi1, bmi2

Memory: 4k page, physical 6171728k(2636012k free), swap 7154768k(2849312k free)

vm_info: Java HotSpot(TM) Client VM (25.92-b14) for windows-x86 JRE (1.8.0_92-b14), built on Mar 31 2016 21:09:21 by "java_re" with MS VC++ 10.0 (VS2010)

time: Thu Feb 01 02:23:45 2018
elapsed time: 7698 seconds (0d 2h 8m 18s)

